<?xml version="1.0" encoding="UTF-8"?>
<coverage generated="1783594716487" clover="3.2.0">
  <project timestamp="1783594716487" name="All files">
    <metrics statements="88" coveredstatements="75" conditionals="11" coveredconditionals="7" methods="21" coveredmethods="18" elements="120" coveredelements="100" complexity="0" loc="88" ncloc="88" packages="1" files="2" classes="2"/>
    <file name="pageLoader.js" path="/Users/kirillchistov/Projects/FullStackDev/fullstack-javascript-project-4/src/pageLoader.js">
      <metrics statements="62" coveredstatements="52" conditionals="5" coveredconditionals="2" methods="14" coveredmethods="12"/>
      <line num="22" count="1" type="stmt"/>
      <line num="24" count="1" type="stmt"/>
      <line num="30" count="1" type="stmt"/>
      <line num="31" count="5" type="stmt"/>
      <line num="32" count="5" type="stmt"/>
      <line num="33" count="5" type="stmt"/>
      <line num="36" count="1" type="stmt"/>
      <line num="37" count="1" type="stmt"/>
      <line num="39" count="1" type="stmt"/>
      <line num="40" count="1" type="stmt"/>
      <line num="41" count="0" type="stmt"/>
      <line num="42" count="0" type="stmt"/>
      <line num="44" count="1" type="stmt"/>
      <line num="48" count="1" type="stmt"/>
      <line num="49" count="2" type="stmt"/>
      <line num="50" count="1" type="stmt"/>
      <line num="53" count="2" type="stmt"/>
      <line num="54" count="1" type="stmt"/>
      <line num="55" count="1" type="stmt"/>
      <line num="57" count="1" type="stmt"/>
      <line num="60" count="1" type="stmt"/>
      <line num="62" count="1" type="stmt"/>
      <line num="64" count="0" type="stmt"/>
      <line num="65" count="0" type="stmt"/>
      <line num="67" count="0" type="stmt"/>
      <line num="68" count="0" type="stmt"/>
      <line num="69" count="0" type="stmt"/>
      <line num="76" count="1" type="cond" truecount="0" falsecount="1"/>
      <line num="77" count="5" type="stmt"/>
      <line num="78" count="5" type="stmt"/>
      <line num="79" count="5" type="stmt"/>
      <line num="81" count="5" type="stmt"/>
      <line num="82" count="5" type="stmt"/>
      <line num="83" count="5" type="stmt"/>
      <line num="87" count="5" type="stmt"/>
      <line num="88" count="5" type="stmt"/>
      <line num="89" count="3" type="stmt"/>
      <line num="91" count="2" type="stmt"/>
      <line num="94" count="3" type="stmt"/>
      <line num="96" count="3" type="stmt"/>
      <line num="97" count="9" type="stmt"/>
      <line num="98" count="1" type="stmt"/>
      <line num="99" count="1" type="stmt"/>
      <line num="107" count="1" type="stmt"/>
      <line num="109" count="1" type="stmt"/>
      <line num="111" count="1" type="cond" truecount="1" falsecount="1"/>
      <line num="112" count="1" type="stmt"/>
      <line num="114" count="0" type="stmt"/>
      <line num="117" count="1" type="stmt"/>
      <line num="120" count="3" type="stmt"/>
      <line num="122" count="3" type="stmt"/>
      <line num="123" count="3" type="stmt"/>
      <line num="124" count="2" type="stmt"/>
      <line num="126" count="1" type="stmt"/>
      <line num="129" count="2" type="stmt"/>
      <line num="132" count="2" type="stmt"/>
      <line num="139" count="2" type="stmt"/>
      <line num="141" count="1" type="stmt"/>
      <line num="142" count="1" type="stmt"/>
      <line num="143" count="0" type="stmt"/>
      <line num="144" count="0" type="stmt"/>
      <line num="146" count="1" type="stmt"/>
    </file>
    <file name="utils.js" path="/Users/kirillchistov/Projects/FullStackDev/fullstack-javascript-project-4/src/utils.js">
      <metrics statements="26" coveredstatements="23" conditionals="6" coveredconditionals="5" methods="7" coveredmethods="6"/>
      <line num="11" count="13" type="stmt"/>
      <line num="16" count="2" type="stmt"/>
      <line num="22" count="2" type="stmt"/>
      <line num="23" count="10" type="stmt"/>
      <line num="24" count="10" type="stmt"/>
      <line num="26" count="10" type="stmt"/>
      <line num="29" count="5" type="stmt"/>
      <line num="34" count="5" type="stmt"/>
      <line num="37" count="2" type="stmt"/>
      <line num="38" count="5" type="stmt"/>
      <line num="39" count="5" type="stmt"/>
      <line num="41" count="5" type="stmt"/>
      <line num="44" count="2" type="stmt"/>
      <line num="45" count="3" type="stmt"/>
      <line num="46" count="3" type="stmt"/>
      <line num="48" count="3" type="stmt"/>
      <line num="49" count="3" type="cond" truecount="2" falsecount="0"/>
      <line num="50" count="3" type="cond" truecount="2" falsecount="0"/>
      <line num="54" count="3" type="stmt"/>
      <line num="55" count="3" type="stmt"/>
      <line num="56" count="3" type="stmt"/>
      <line num="58" count="3" type="cond" truecount="1" falsecount="1"/>
      <line num="59" count="3" type="stmt"/>
      <line num="62" count="0" type="stmt"/>
      <line num="63" count="0" type="stmt"/>
      <line num="65" count="0" type="stmt"/>
    </file>
  </project>
</coverage>
