{"/Users/kirillchistov/Projects/FullStackDev/fullstack-javascript-project-4/src/pageLoader.js": {"path":"/Users/kirillchistov/Projects/FullStackDev/fullstack-javascript-project-4/src/pageLoader.js","statementMap":{"0":{"start":{"line":22,"column":12},"end":{"line":22,"column":32}},"1":{"start":{"line":24,"column":26},"end":{"line":28,"column":1}},"2":{"start":{"line":30,"column":18},"end":{"line":34,"column":1}},"3":{"start":{"line":31,"column":18},"end":{"line":31,"column":59}},"4":{"start":{"line":32,"column":2},"end":{"line":32,"column":24}},"5":{"start":{"line":33,"column":2},"end":{"line":33,"column":17}},"6":{"start":{"line":36,"column":21},"end":{"line":46,"column":1}},"7":{"start":{"line":37,"column":2},"end":{"line":37,"column":67}},"8":{"start":{"line":39,"column":2},"end":{"line":45,"column":3}},"9":{"start":{"line":40,"column":21},"end":{"line":40,"column":82}},"10":{"start":{"line":41,"column":4},"end":{"line":41,"column":52}},"11":{"start":{"line":42,"column":4},"end":{"line":42,"column":44}},"12":{"start":{"line":44,"column":4},"end":{"line":44,"column":69}},"13":{"start":{"line":48,"column":28},"end":{"line":74,"column":1}},"14":{"start":{"line":49,"column":26},"end":{"line":51,"column":13}},"15":{"start":{"line":50,"column":32},"end":{"line":50,"column":64}},"16":{"start":{"line":53,"column":2},"end":{"line":73,"column":5}},"17":{"start":{"line":54,"column":21},"end":{"line":54,"column":58}},"18":{"start":{"line":55,"column":21},"end":{"line":55,"column":58}},"19":{"start":{"line":57,"column":4},"end":{"line":72,"column":6}},"20":{"start":{"line":60,"column":8},"end":{"line":60,"column":64}},"21":{"start":{"line":62,"column":8},"end":{"line":62,"column":50}},"22":{"start":{"line":64,"column":8},"end":{"line":70,"column":13}},"23":{"start":{"line":65,"column":32},"end":{"line":65,"column":68}},"24":{"start":{"line":67,"column":30},"end":{"line":67,"column":73}},"25":{"start":{"line":68,"column":12},"end":{"line":68,"column":45}},"26":{"start":{"line":69,"column":12},"end":{"line":69,"column":60}},"27":{"start":{"line":76,"column":19},"end":{"line":148,"column":1}},"28":{"start":{"line":77,"column":19},"end":{"line":77,"column":48}},"29":{"start":{"line":78,"column":27},"end":{"line":78,"column":51}},"30":{"start":{"line":79,"column":27},"end":{"line":79,"column":65}},"31":{"start":{"line":81,"column":2},"end":{"line":81,"column":37}},"32":{"start":{"line":82,"column":2},"end":{"line":82,"column":40}},"33":{"start":{"line":83,"column":2},"end":{"line":83,"column":50}},"34":{"start":{"line":87,"column":2},"end":{"line":92,"column":3}},"35":{"start":{"line":88,"column":21},"end":{"line":88,"column":41}},"36":{"start":{"line":89,"column":4},"end":{"line":89,"column":25}},"37":{"start":{"line":91,"column":4},"end":{"line":91,"column":57}},"38":{"start":{"line":94,"column":12},"end":{"line":94,"column":22}},"39":{"start":{"line":96,"column":20},"end":{"line":118,"column":6}},"40":{"start":{"line":97,"column":4},"end":{"line":105,"column":6}},"41":{"start":{"line":98,"column":20},"end":{"line":98,"column":41}},"42":{"start":{"line":99,"column":6},"end":{"line":104,"column":8}},"43":{"start":{"line":107,"column":27},"end":{"line":107,"column":32}},"44":{"start":{"line":109,"column":22},"end":{"line":109,"column":49}},"45":{"start":{"line":111,"column":6},"end":{"line":115,"column":7}},"46":{"start":{"line":112,"column":8},"end":{"line":112,"column":66}},"47":{"start":{"line":114,"column":8},"end":{"line":114,"column":71}},"48":{"start":{"line":117,"column":6},"end":{"line":117,"column":21}},"49":{"start":{"line":120,"column":2},"end":{"line":120,"column":53}},"50":{"start":{"line":122,"column":2},"end":{"line":127,"column":3}},"51":{"start":{"line":123,"column":4},"end":{"line":123,"column":58}},"52":{"start":{"line":124,"column":4},"end":{"line":124,"column":55}},"53":{"start":{"line":126,"column":4},"end":{"line":126,"column":77}},"54":{"start":{"line":129,"column":16},"end":{"line":137,"column":4}},"55":{"start":{"line":132,"column":18},"end":{"line":135,"column":7}},"56":{"start":{"line":139,"column":2},"end":{"line":139,"column":20}},"57":{"start":{"line":141,"column":2},"end":{"line":147,"column":3}},"58":{"start":{"line":142,"column":4},"end":{"line":142,"column":43}},"59":{"start":{"line":143,"column":4},"end":{"line":143,"column":49}},"60":{"start":{"line":144,"column":4},"end":{"line":144,"column":20}},"61":{"start":{"line":146,"column":4},"end":{"line":146,"column":63}}},"fnMap":{"0":{"name":"(anonymous_0)","decl":{"start":{"line":30,"column":18},"end":{"line":30,"column":19}},"loc":{"start":{"line":30,"column":38},"end":{"line":34,"column":1}},"line":30},"1":{"name":"(anonymous_1)","decl":{"start":{"line":36,"column":21},"end":{"line":36,"column":22}},"loc":{"start":{"line":36,"column":58},"end":{"line":46,"column":1}},"line":36},"2":{"name":"(anonymous_2)","decl":{"start":{"line":48,"column":28},"end":{"line":48,"column":29}},"loc":{"start":{"line":48,"column":87},"end":{"line":74,"column":1}},"line":48},"3":{"name":"(anonymous_3)","decl":{"start":{"line":50,"column":18},"end":{"line":50,"column":19}},"loc":{"start":{"line":50,"column":32},"end":{"line":50,"column":64}},"line":50},"4":{"name":"(anonymous_4)","decl":{"start":{"line":53,"column":29},"end":{"line":53,"column":30}},"loc":{"start":{"line":53,"column":50},"end":{"line":73,"column":3}},"line":53},"5":{"name":"(anonymous_5)","decl":{"start":{"line":59,"column":12},"end":{"line":59,"column":13}},"loc":{"start":{"line":59,"column":24},"end":{"line":71,"column":7}},"line":59},"6":{"name":"(anonymous_6)","decl":{"start":{"line":65,"column":18},"end":{"line":65,"column":19}},"loc":{"start":{"line":65,"column":32},"end":{"line":65,"column":68}},"line":65},"7":{"name":"(anonymous_7)","decl":{"start":{"line":66,"column":19},"end":{"line":66,"column":20}},"loc":{"start":{"line":66,"column":42},"end":{"line":70,"column":11}},"line":66},"8":{"name":"(anonymous_8)","decl":{"start":{"line":76,"column":19},"end":{"line":76,"column":20}},"loc":{"start":{"line":76,"column":61},"end":{"line":148,"column":1}},"line":76},"9":{"name":"(anonymous_9)","decl":{"start":{"line":96,"column":46},"end":{"line":96,"column":47}},"loc":{"start":{"line":97,"column":4},"end":{"line":105,"column":6}},"line":97},"10":{"name":"(anonymous_10)","decl":{"start":{"line":97,"column":39},"end":{"line":97,"column":40}},"loc":{"start":{"line":97,"column":52},"end":{"line":105,"column":5}},"line":97},"11":{"name":"(anonymous_11)","decl":{"start":{"line":107,"column":12},"end":{"line":107,"column":13}},"loc":{"start":{"line":107,"column":27},"end":{"line":107,"column":32}},"line":107},"12":{"name":"(anonymous_12)","decl":{"start":{"line":108,"column":12},"end":{"line":108,"column":13}},"loc":{"start":{"line":108,"column":40},"end":{"line":118,"column":5}},"line":108},"13":{"name":"(anonymous_13)","decl":{"start":{"line":132,"column":12},"end":{"line":132,"column":13}},"loc":{"start":{"line":132,"column":18},"end":{"line":135,"column":7}},"line":132}},"branchMap":{"0":{"loc":{"start":{"line":76,"column":31},"end":{"line":76,"column":56}},"type":"default-arg","locations":[{"start":{"line":76,"column":43},"end":{"line":76,"column":56}}],"line":76},"1":{"loc":{"start":{"line":103,"column":21},"end":{"line":103,"column":66}},"type":"cond-expr","locations":[{"start":{"line":103,"column":29},"end":{"line":103,"column":59}},{"start":{"line":103,"column":62},"end":{"line":103,"column":66}}],"line":103},"2":{"loc":{"start":{"line":111,"column":6},"end":{"line":115,"column":7}},"type":"if","locations":[{"start":{"line":111,"column":6},"end":{"line":115,"column":7}},{"start":{"line":113,"column":13},"end":{"line":115,"column":7}}],"line":111}},"s":{"0":1,"1":1,"2":1,"3":5,"4":5,"5":5,"6":1,"7":1,"8":1,"9":1,"10":0,"11":0,"12":1,"13":1,"14":2,"15":1,"16":2,"17":1,"18":1,"19":1,"20":1,"21":1,"22":0,"23":0,"24":0,"25":0,"26":0,"27":1,"28":5,"29":5,"30":5,"31":5,"32":5,"33":5,"34":5,"35":5,"36":3,"37":2,"38":3,"39":3,"40":9,"41":1,"42":1,"43":1,"44":1,"45":1,"46":1,"47":0,"48":1,"49":3,"50":3,"51":3,"52":2,"53":1,"54":2,"55":2,"56":2,"57":1,"58":1,"59":0,"60":0,"61":1},"f":{"0":5,"1":1,"2":2,"3":1,"4":1,"5":1,"6":0,"7":0,"8":5,"9":9,"10":1,"11":1,"12":1,"13":2},"b":{"0":[0],"1":[1,0],"2":[1,0]},"inputSourceMap":null,"_coverageSchema":"1a1c01bbd47fc00a2c39e90264f33305004495a9","hash":"b31fc4cf3f6b354f34ebb8f901ae3228b757a76a"}
,"/Users/kirillchistov/Projects/FullStackDev/fullstack-javascript-project-4/src/utils.js": {"path":"/Users/kirillchistov/Projects/FullStackDev/fullstack-javascript-project-4/src/utils.js","statementMap":{"0":{"start":{"line":11,"column":18},"end":{"line":14,"column":24}},"1":{"start":{"line":11,"column":29},"end":{"line":14,"column":24}},"2":{"start":{"line":16,"column":17},"end":{"line":20,"column":14}},"3":{"start":{"line":16,"column":28},"end":{"line":20,"column":14}},"4":{"start":{"line":22,"column":38},"end":{"line":27,"column":1}},"5":{"start":{"line":23,"column":20},"end":{"line":23,"column":32}},"6":{"start":{"line":24,"column":18},"end":{"line":24,"column":62}},"7":{"start":{"line":26,"column":2},"end":{"line":26,"column":38}},"8":{"start":{"line":29,"column":29},"end":{"line":32,"column":1}},"9":{"start":{"line":29,"column":49},"end":{"line":32,"column":1}},"10":{"start":{"line":34,"column":35},"end":{"line":35,"column":31}},"11":{"start":{"line":34,"column":44},"end":{"line":35,"column":31}},"12":{"start":{"line":37,"column":31},"end":{"line":42,"column":1}},"13":{"start":{"line":38,"column":15},"end":{"line":38,"column":31}},"14":{"start":{"line":39,"column":19},"end":{"line":39,"column":48}},"15":{"start":{"line":41,"column":2},"end":{"line":41,"column":45}},"16":{"start":{"line":44,"column":35},"end":{"line":66,"column":1}},"17":{"start":{"line":45,"column":15},"end":{"line":45,"column":31}},"18":{"start":{"line":46,"column":19},"end":{"line":46,"column":48}},"19":{"start":{"line":48,"column":22},"end":{"line":48,"column":53}},"20":{"start":{"line":49,"column":14},"end":{"line":49,"column":36}},"21":{"start":{"line":50,"column":33},"end":{"line":52,"column":23}},"22":{"start":{"line":54,"column":18},"end":{"line":54,"column":61}},"23":{"start":{"line":55,"column":21},"end":{"line":55,"column":39}},"24":{"start":{"line":56,"column":24},"end":{"line":56,"column":27}},"25":{"start":{"line":58,"column":2},"end":{"line":60,"column":3}},"26":{"start":{"line":59,"column":4},"end":{"line":59,"column":33}},"27":{"start":{"line":62,"column":20},"end":{"line":62,"column":54}},"28":{"start":{"line":63,"column":15},"end":{"line":63,"column":44}},"29":{"start":{"line":65,"column":2},"end":{"line":65,"column":38}}},"fnMap":{"0":{"name":"(anonymous_0)","decl":{"start":{"line":11,"column":18},"end":{"line":11,"column":19}},"loc":{"start":{"line":11,"column":29},"end":{"line":14,"column":24}},"line":11},"1":{"name":"(anonymous_1)","decl":{"start":{"line":16,"column":17},"end":{"line":16,"column":18}},"loc":{"start":{"line":16,"column":28},"end":{"line":20,"column":14}},"line":16},"2":{"name":"(anonymous_2)","decl":{"start":{"line":22,"column":38},"end":{"line":22,"column":39}},"loc":{"start":{"line":22,"column":47},"end":{"line":27,"column":1}},"line":22},"3":{"name":"(anonymous_3)","decl":{"start":{"line":29,"column":29},"end":{"line":29,"column":30}},"loc":{"start":{"line":29,"column":49},"end":{"line":32,"column":1}},"line":29},"4":{"name":"(anonymous_4)","decl":{"start":{"line":34,"column":35},"end":{"line":34,"column":36}},"loc":{"start":{"line":34,"column":44},"end":{"line":35,"column":31}},"line":34},"5":{"name":"(anonymous_5)","decl":{"start":{"line":37,"column":31},"end":{"line":37,"column":32}},"loc":{"start":{"line":37,"column":57},"end":{"line":42,"column":1}},"line":37},"6":{"name":"(anonymous_6)","decl":{"start":{"line":44,"column":35},"end":{"line":44,"column":36}},"loc":{"start":{"line":44,"column":61},"end":{"line":66,"column":1}},"line":44}},"branchMap":{"0":{"loc":{"start":{"line":49,"column":14},"end":{"line":49,"column":36}},"type":"binary-expr","locations":[{"start":{"line":49,"column":14},"end":{"line":49,"column":25}},{"start":{"line":49,"column":29},"end":{"line":49,"column":36}}],"line":49},"1":{"loc":{"start":{"line":50,"column":33},"end":{"line":52,"column":23}},"type":"cond-expr","locations":[{"start":{"line":51,"column":6},"end":{"line":51,"column":53}},{"start":{"line":52,"column":6},"end":{"line":52,"column":23}}],"line":50},"2":{"loc":{"start":{"line":58,"column":2},"end":{"line":60,"column":3}},"type":"if","locations":[{"start":{"line":58,"column":2},"end":{"line":60,"column":3}},{"start":{},"end":{}}],"line":58}},"s":{"0":2,"1":13,"2":2,"3":0,"4":2,"5":10,"6":10,"7":10,"8":2,"9":5,"10":2,"11":5,"12":2,"13":5,"14":5,"15":5,"16":2,"17":3,"18":3,"19":3,"20":3,"21":3,"22":3,"23":3,"24":3,"25":3,"26":3,"27":0,"28":0,"29":0},"f":{"0":13,"1":0,"2":10,"3":5,"4":5,"5":5,"6":3},"b":{"0":[3,1],"1":[2,1],"2":[3,0]},"inputSourceMap":null,"_coverageSchema":"1a1c01bbd47fc00a2c39e90264f33305004495a9","hash":"fb7d98938875abf764374bba3eaa2b957f064df5"}
}
