TN:
SF:src/pageLoader.js
FN:30,(anonymous_0)
FN:36,(anonymous_1)
FN:48,(anonymous_2)
FN:50,(anonymous_3)
FN:53,(anonymous_4)
FN:59,(anonymous_5)
FN:65,(anonymous_6)
FN:66,(anonymous_7)
FN:76,(anonymous_8)
FN:96,(anonymous_9)
FN:97,(anonymous_10)
FN:107,(anonymous_11)
FN:108,(anonymous_12)
FN:132,(anonymous_13)
FNF:14
FNH:12
FNDA:5,(anonymous_0)
FNDA:1,(anonymous_1)
FNDA:2,(anonymous_2)
FNDA:1,(anonymous_3)
FNDA:1,(anonymous_4)
FNDA:1,(anonymous_5)
FNDA:0,(anonymous_6)
FNDA:0,(anonymous_7)
FNDA:5,(anonymous_8)
FNDA:9,(anonymous_9)
FNDA:1,(anonymous_10)
FNDA:1,(anonymous_11)
FNDA:1,(anonymous_12)
FNDA:2,(anonymous_13)
DA:22,1
DA:24,1
DA:30,1
DA:31,5
DA:32,5
DA:33,5
DA:36,1
DA:37,1
DA:39,1
DA:40,1
DA:41,0
DA:42,0
DA:44,1
DA:48,1
DA:49,2
DA:50,1
DA:53,2
DA:54,1
DA:55,1
DA:57,1
DA:60,1
DA:62,1
DA:64,0
DA:65,0
DA:67,0
DA:68,0
DA:69,0
DA:76,1
DA:77,5
DA:78,5
DA:79,5
DA:81,5
DA:82,5
DA:83,5
DA:87,5
DA:88,5
DA:89,3
DA:91,2
DA:94,3
DA:96,3
DA:97,9
DA:98,1
DA:99,1
DA:107,1
DA:109,1
DA:111,1
DA:112,1
DA:114,0
DA:117,1
DA:120,3
DA:122,3
DA:123,3
DA:124,2
DA:126,1
DA:129,2
DA:132,2
DA:139,2
DA:141,1
DA:142,1
DA:143,0
DA:144,0
DA:146,1
LF:62
LH:52
BRDA:76,0,0,0
BRDA:103,1,0,1
BRDA:103,1,1,0
BRDA:111,2,0,1
BRDA:111,2,1,0
BRF:5
BRH:2
end_of_record
TN:
SF:src/utils.js
FN:11,(anonymous_0)
FN:16,(anonymous_1)
FN:22,(anonymous_2)
FN:29,(anonymous_3)
FN:34,(anonymous_4)
FN:37,(anonymous_5)
FN:44,(anonymous_6)
FNF:7
FNH:6
FNDA:13,(anonymous_0)
FNDA:0,(anonymous_1)
FNDA:10,(anonymous_2)
FNDA:5,(anonymous_3)
FNDA:5,(anonymous_4)
FNDA:5,(anonymous_5)
FNDA:3,(anonymous_6)
DA:11,13
DA:16,2
DA:22,2
DA:23,10
DA:24,10
DA:26,10
DA:29,5
DA:34,5
DA:37,2
DA:38,5
DA:39,5
DA:41,5
DA:44,2
DA:45,3
DA:46,3
DA:48,3
DA:49,3
DA:50,3
DA:54,3
DA:55,3
DA:56,3
DA:58,3
DA:59,3
DA:62,0
DA:63,0
DA:65,0
LF:26
LH:23
BRDA:49,0,0,3
BRDA:49,0,1,1
BRDA:50,1,0,2
BRDA:50,1,1,1
BRDA:58,2,0,3
BRDA:58,2,1,0
BRF:6
BRH:5
end_of_record
